2024-07-06 21:22:33,069	INFO	module:_logger
This is BioCypher v0.5.43.
2024-07-06 21:22:33,070	INFO	module:_logger
Logging into `biocypher-log/biocypher-20240706-212233.log`.
2024-07-06 21:22:33,071	DEBUG	module:_get
Loading module biocypher._get.
2024-07-06 21:22:33,344	DEBUG	module:_misc
Loading module biocypher._misc.
2024-07-06 21:22:41,570	DEBUG	module:_core
Loading module biocypher._core.
2024-07-06 21:22:41,588	DEBUG	module:_create
Loading module biocypher._create.
2024-07-06 21:22:41,616	DEBUG	module:_mapping
Loading module biocypher._mapping.
2024-07-06 21:22:41,647	DEBUG	module:_ontology
Loading module biocypher._ontology.
2024-07-06 21:22:42,459	DEBUG	module:_translate
Loading module biocypher._translate.
2024-07-06 21:22:42,466	DEBUG	module:_deduplicate
Loading module biocypher._deduplicate.
2024-07-06 21:22:42,626	DEBUG	module:_get_writer
Loading module biocypher.output.write._get_writer.
2024-07-06 21:22:42,627	DEBUG	module:_neo4j_driver
Loading module biocypher.output.connect._neo4j_driver.
