2024-07-06 21:21:28,817	INFO	module:_logger
This is BioCypher v0.5.43.
2024-07-06 21:21:28,817	INFO	module:_logger
Logging into `biocypher-log/biocypher-20240706-212128.log`.
2024-07-06 21:21:28,818	DEBUG	module:_get
Loading module biocypher._get.
2024-07-06 21:21:29,463	DEBUG	module:_misc
Loading module biocypher._misc.
2024-07-06 21:21:38,780	DEBUG	module:_core
Loading module biocypher._core.
2024-07-06 21:21:38,796	DEBUG	module:_create
Loading module biocypher._create.
2024-07-06 21:21:38,824	DEBUG	module:_mapping
Loading module biocypher._mapping.
2024-07-06 21:21:38,988	DEBUG	module:_ontology
Loading module biocypher._ontology.
2024-07-06 21:21:39,967	DEBUG	module:_translate
Loading module biocypher._translate.
2024-07-06 21:21:39,974	DEBUG	module:_deduplicate
Loading module biocypher._deduplicate.
2024-07-06 21:21:40,108	DEBUG	module:_get_writer
Loading module biocypher.output.write._get_writer.
2024-07-06 21:21:40,124	DEBUG	module:_neo4j_driver
Loading module biocypher.output.connect._neo4j_driver.
