2024-07-06 20:53:24,752	INFO	module:_logger
This is BioCypher v0.5.43.
2024-07-06 20:53:24,752	INFO	module:_logger
Logging into `biocypher-log/biocypher-20240706-205324.log`.
2024-07-06 20:53:24,752	DEBUG	module:_get
Loading module biocypher._get.
2024-07-06 20:53:24,774	DEBUG	module:_misc
Loading module biocypher._misc.
2024-07-06 20:53:25,379	DEBUG	module:_core
Loading module biocypher._core.
2024-07-06 20:53:25,379	DEBUG	module:_create
Loading module biocypher._create.
2024-07-06 20:53:25,383	DEBUG	module:_mapping
Loading module biocypher._mapping.
2024-07-06 20:53:25,384	DEBUG	module:_ontology
Loading module biocypher._ontology.
2024-07-06 20:53:25,435	DEBUG	module:_translate
Loading module biocypher._translate.
2024-07-06 20:53:25,436	DEBUG	module:_deduplicate
Loading module biocypher._deduplicate.
2024-07-06 20:53:25,445	DEBUG	module:_get_writer
Loading module biocypher.output.write._get_writer.
2024-07-06 20:53:25,445	DEBUG	module:_neo4j_driver
Loading module biocypher.output.connect._neo4j_driver.
