2024-07-06 20:52:38,362	INFO	module:_logger
This is BioCypher v0.5.43.
2024-07-06 20:52:38,363	INFO	module:_logger
Logging into `biocypher-log/biocypher-20240706-205238.log`.
2024-07-06 20:52:38,363	DEBUG	module:_get
Loading module biocypher._get.
2024-07-06 20:52:38,850	DEBUG	module:_misc
Loading module biocypher._misc.
2024-07-06 20:52:56,292	DEBUG	module:_core
Loading module biocypher._core.
2024-07-06 20:52:56,306	DEBUG	module:_create
Loading module biocypher._create.
2024-07-06 20:52:56,345	DEBUG	module:_mapping
Loading module biocypher._mapping.
2024-07-06 20:52:56,376	DEBUG	module:_ontology
Loading module biocypher._ontology.
2024-07-06 20:52:57,210	DEBUG	module:_translate
Loading module biocypher._translate.
2024-07-06 20:52:57,218	DEBUG	module:_deduplicate
Loading module biocypher._deduplicate.
2024-07-06 20:52:57,357	DEBUG	module:_get_writer
Loading module biocypher.output.write._get_writer.
2024-07-06 20:52:57,376	DEBUG	module:_neo4j_driver
Loading module biocypher.output.connect._neo4j_driver.
