2024-07-06 21:17:27,607	INFO	module:_logger
This is BioCypher v0.5.43.
2024-07-06 21:17:27,608	INFO	module:_logger
Logging into `biocypher-log/biocypher-20240706-211727.log`.
2024-07-06 21:17:27,608	DEBUG	module:_get
Loading module biocypher._get.
2024-07-06 21:17:27,642	DEBUG	module:_misc
Loading module biocypher._misc.
2024-07-06 21:17:28,245	DEBUG	module:_core
Loading module biocypher._core.
2024-07-06 21:17:28,245	DEBUG	module:_create
Loading module biocypher._create.
2024-07-06 21:17:28,250	DEBUG	module:_mapping
Loading module biocypher._mapping.
2024-07-06 21:17:28,251	DEBUG	module:_ontology
Loading module biocypher._ontology.
2024-07-06 21:17:28,312	DEBUG	module:_translate
Loading module biocypher._translate.
2024-07-06 21:17:28,313	DEBUG	module:_deduplicate
Loading module biocypher._deduplicate.
2024-07-06 21:17:28,321	DEBUG	module:_get_writer
Loading module biocypher.output.write._get_writer.
2024-07-06 21:17:28,322	DEBUG	module:_neo4j_driver
Loading module biocypher.output.connect._neo4j_driver.
